{"detail":"Error: (pymysql.err.OperationalError) (2003, \"Can't connect to MySQL server on 'mysql_db' ([Errno 11001] getaddrinfo failed)\")\n(Background on this error at: https://sqlalche.me/e/20/e3q8)\nTrace: Traceback (most recent call last):\n  File \"C:\\Users\\LeeJongHyuck\\AppData\\Roaming\\Python\\Python311\\site-packages\\pymysql\\connections.py\", line 661, in connect\n    sock = socket.create_connection(\n           ^^^^^^^^^^^^^^^^^^^^^^^^^\n  File \"C:\\Program Files\\Python311\\Lib\\socket.py\", line 827, in create_connection\n    for res in getaddrinfo(host, port, 0, SOCK_STREAM):\n               ^^^^^^^^^^^^^^^^^^^^^^^^^^^^^^^^^^^^^^^\n  File \"C:\\Program Files\\Python311\\Lib\\socket.py\", line 962, in getaddrinfo\n    for res in _socket.getaddrinfo(host, port, family, type, proto, flags):\n               ^^^^^^^^^^^^^^^^^^^^^^^^^^^^^^^^^^^^^^^^^^^^^^^^^^^^^^^^^^^\nsocket.gaierror: [Errno 11001] getaddrinfo failed\n\nDuring handling of the above exception, another exception occurred:\n\nTraceback (most recent call last):\n  File \"C:\\Users\\LeeJongHyuck\\AppData\\Roaming\\Python\\Python311\\site-packages\\sqlalchemy\\engine\\base.py\", line 143, in __init__\n    self._dbapi_connection = engine.raw_connection()\n                             ^^^^^^^^^^^^^^^^^^^^^^^\n  File \"C:\\Users\\LeeJongHyuck\\AppData\\Roaming\\Python\\Python311\\site-packages\\sqlalchemy\\engine\\base.py\", line 3301, in raw_connection\n    return self.pool.connect()\n           ^^^^^^^^^^^^^^^^^^^\n  File \"C:\\Users\\LeeJongHyuck\\AppData\\Roaming\\Python\\Python311\\site-packages\\sqlalchemy\\pool\\base.py\", line 447, in connect\n    return _ConnectionFairy._checkout(self)\n           ^^^^^^^^^^^^^^^^^^^^^^^^^^^^^^^^\n  File \"C:\\Users\\LeeJongHyuck\\AppData\\Roaming\\Python\\Python311\\site-packages\\sqlalchemy\\pool\\base.py\", line 1264, in _checkout\n    fairy = _ConnectionRecord.checkout(pool)\n            ^^^^^^^^^^^^^^^^^^^^^^^^^^^^^^^^\n  File \"C:\\Users\\LeeJongHyuck\\AppData\\Roaming\\Python\\Python311\\site-packages\\sqlalchemy\\pool\\base.py\", line 711, in checkout\n    rec = pool._do_get()\n          ^^^^^^^^^^^^^^\n  File \"C:\\Users\\LeeJongHyuck\\AppData\\Roaming\\Python\\Python311\\site-packages\\sqlalchemy\\pool\\impl.py\", line 177, in _do_get\n    with util.safe_reraise():\n  File \"C:\\Users\\LeeJongHyuck\\AppData\\Roaming\\Python\\Python311\\site-packages\\sqlalchemy\\util\\langhelpers.py\", line 224, in __exit__\n    raise exc_value.with_traceback(exc_tb)\n  File \"C:\\Users\\LeeJongHyuck\\AppData\\Roaming\\Python\\Python311\\site-packages\\sqlalchemy\\pool\\impl.py\", line 175, in _do_get\n    return self._create_connection()\n           ^^^^^^^^^^^^^^^^^^^^^^^^^\n  File \"C:\\Users\\LeeJongHyuck\\AppData\\Roaming\\Python\\Python311\\site-packages\\sqlalchemy\\pool\\base.py\", line 388, in _create_connection\n    return _ConnectionRecord(self)\n           ^^^^^^^^^^^^^^^^^^^^^^^\n  File \"C:\\Users\\LeeJongHyuck\\AppData\\Roaming\\Python\\Python311\\site-packages\\sqlalchemy\\pool\\base.py\", line 673, in __init__\n    self.__connect()\n  File \"C:\\Users\\LeeJongHyuck\\AppData\\Roaming\\Python\\Python311\\site-packages\\sqlalchemy\\pool\\base.py\", line 899, in __connect\n    with util.safe_reraise():\n  File \"C:\\Users\\LeeJongHyuck\\AppData\\Roaming\\Python\\Python311\\site-packages\\sqlalchemy\\util\\langhelpers.py\", line 224, in __exit__\n    raise exc_value.with_traceback(exc_tb)\n  File \"C:\\Users\\LeeJongHyuck\\AppData\\Roaming\\Python\\Python311\\site-packages\\sqlalchemy\\pool\\base.py\", line 895, in __connect\n    self.dbapi_connection = connection = pool._invoke_creator(self)\n                                         ^^^^^^^^^^^^^^^^^^^^^^^^^^\n  File \"C:\\Users\\LeeJongHyuck\\AppData\\Roaming\\Python\\Python311\\site-packages\\sqlalchemy\\engine\\create.py\", line 661, in connect\n    return dialect.connect(*cargs, **cparams)\n           ^^^^^^^^^^^^^^^^^^^^^^^^^^^^^^^^^^\n  File \"C:\\Users\\LeeJongHyuck\\AppData\\Roaming\\Python\\Python311\\site-packages\\sqlalchemy\\engine\\default.py\", line 629, in connect\n    return self.loaded_dbapi.connect(*cargs, **cparams)  # type: ignore[no-any-return]  # NOQA: E501\n           ^^^^^^^^^^^^^^^^^^^^^^^^^^^^^^^^^^^^^^^^^^^^\n  File \"C:\\Users\\LeeJongHyuck\\AppData\\Roaming\\Python\\Python311\\site-packages\\pymysql\\connections.py\", line 365, in __init__\n    self.connect()\n  File \"C:\\Users\\LeeJongHyuck\\AppData\\Roaming\\Python\\Python311\\site-packages\\pymysql\\connections.py\", line 723, in connect\n    raise exc\npymysql.err.OperationalError: (2003, \"Can't connect to MySQL server on 'mysql_db' ([Errno 11001] getaddrinfo failed)\")\n\nThe above exception was the direct cause of the following exception:\n\nTraceback (most recent call last):\n  File \"C:\\fisa\\final-project\\main-project-ai\\server\\app\\services\\admin_service.py\", line 97, in get_user_stats\n    with self.mysql_engine.connect() as conn:\n         ^^^^^^^^^^^^^^^^^^^^^^^^^^^\n  File \"C:\\Users\\LeeJongHyuck\\AppData\\Roaming\\Python\\Python311\\site-packages\\sqlalchemy\\engine\\base.py\", line 3277, in connect\n    return self._connection_cls(self)\n           ^^^^^^^^^^^^^^^^^^^^^^^^^^\n  File \"C:\\Users\\LeeJongHyuck\\AppData\\Roaming\\Python\\Python311\\site-packages\\sqlalchemy\\engine\\base.py\", line 145, in __init__\n    Connection._handle_dbapi_exception_noconnection(\n  File \"C:\\Users\\LeeJongHyuck\\AppData\\Roaming\\Python\\Python311\\site-packages\\sqlalchemy\\engine\\base.py\", line 2440, in _handle_dbapi_exception_noconnection\n    raise sqlalchemy_exception.with_traceback(exc_info[2]) from e\n  File \"C:\\Users\\LeeJongHyuck\\AppData\\Roaming\\Python\\Python311\\site-packages\\sqlalchemy\\engine\\base.py\", line 143, in __init__\n    self._dbapi_connection = engine.raw_connection()\n                             ^^^^^^^^^^^^^^^^^^^^^^^\n  File \"C:\\Users\\LeeJongHyuck\\AppData\\Roaming\\Python\\Python311\\site-packages\\sqlalchemy\\engine\\base.py\", line 3301, in raw_connection\n    return self.pool.connect()\n           ^^^^^^^^^^^^^^^^^^^\n  File \"C:\\Users\\LeeJongHyuck\\AppData\\Roaming\\Python\\Python311\\site-packages\\sqlalchemy\\pool\\base.py\", line 447, in connect\n    return _ConnectionFairy._checkout(self)\n           ^^^^^^^^^^^^^^^^^^^^^^^^^^^^^^^^\n  File \"C:\\Users\\LeeJongHyuck\\AppData\\Roaming\\Python\\Python311\\site-packages\\sqlalchemy\\pool\\base.py\", line 1264, in _checkout\n    fairy = _ConnectionRecord.checkout(pool)\n            ^^^^^^^^^^^^^^^^^^^^^^^^^^^^^^^^\n  File \"C:\\Users\\LeeJongHyuck\\AppData\\Roaming\\Python\\Python311\\site-packages\\sqlalchemy\\pool\\base.py\", line 711, in checkout\n    rec = pool._do_get()\n          ^^^^^^^^^^^^^^\n  File \"C:\\Users\\LeeJongHyuck\\AppData\\Roaming\\Python\\Python311\\site-packages\\sqlalchemy\\pool\\impl.py\", line 177, in _do_get\n    with util.safe_reraise():\n  File \"C:\\Users\\LeeJongHyuck\\AppData\\Roaming\\Python\\Python311\\site-packages\\sqlalchemy\\util\\langhelpers.py\", line 224, in __exit__\n    raise exc_value.with_traceback(exc_tb)\n  File \"C:\\Users\\LeeJongHyuck\\AppData\\Roaming\\Python\\Python311\\site-packages\\sqlalchemy\\pool\\impl.py\", line 175, in _do_get\n    return self._create_connection()\n           ^^^^^^^^^^^^^^^^^^^^^^^^^\n  File \"C:\\Users\\LeeJongHyuck\\AppData\\Roaming\\Python\\Python311\\site-packages\\sqlalchemy\\pool\\base.py\", line 388, in _create_connection\n    return _ConnectionRecord(self)\n           ^^^^^^^^^^^^^^^^^^^^^^^\n  File \"C:\\Users\\LeeJongHyuck\\AppData\\Roaming\\Python\\Python311\\site-packages\\sqlalchemy\\pool\\base.py\", line 673, in __init__\n    self.__connect()\n  File \"C:\\Users\\LeeJongHyuck\\AppData\\Roaming\\Python\\Python311\\site-packages\\sqlalchemy\\pool\\base.py\", line 899, in __connect\n    with util.safe_reraise():\n  File \"C:\\Users\\LeeJongHyuck\\AppData\\Roaming\\Python\\Python311\\site-packages\\sqlalchemy\\util\\langhelpers.py\", line 224, in __exit__\n    raise exc_value.with_traceback(exc_tb)\n  File \"C:\\Users\\LeeJongHyuck\\AppData\\Roaming\\Python\\Python311\\site-packages\\sqlalchemy\\pool\\base.py\", line 895, in __connect\n    self.dbapi_connection = connection = pool._invoke_creator(self)\n                                         ^^^^^^^^^^^^^^^^^^^^^^^^^^\n  File \"C:\\Users\\LeeJongHyuck\\AppData\\Roaming\\Python\\Python311\\site-packages\\sqlalchemy\\engine\\create.py\", line 661, in connect\n    return dialect.connect(*cargs, **cparams)\n           ^^^^^^^^^^^^^^^^^^^^^^^^^^^^^^^^^^\n  File \"C:\\Users\\LeeJongHyuck\\AppData\\Roaming\\Python\\Python311\\site-packages\\sqlalchemy\\engine\\default.py\", line 629, in connect\n    return self.loaded_dbapi.connect(*cargs, **cparams)  # type: ignore[no-any-return]  # NOQA: E501\n           ^^^^^^^^^^^^^^^^^^^^^^^^^^^^^^^^^^^^^^^^^^^^\n  File \"C:\\Users\\LeeJongHyuck\\AppData\\Roaming\\Python\\Python311\\site-packages\\pymysql\\connections.py\", line 365, in __init__\n    self.connect()\n  File \"C:\\Users\\LeeJongHyuck\\AppData\\Roaming\\Python\\Python311\\site-packages\\pymysql\\connections.py\", line 723, in connect\n    raise exc\nsqlalchemy.exc.OperationalError: (pymysql.err.OperationalError) (2003, \"Can't connect to MySQL server on 'mysql_db' ([Errno 11001] getaddrinfo failed)\")\n(Background on this error at: https://sqlalche.me/e/20/e3q8)\n"}